[2020-08-04 21:33:51] local.ERROR: Class 'Barryvdh\LaravelIdeHelper\IdeHelperServiceProvider' not found {"exception":"[object] (Symfony\\Component\\Debug\\Exception\\FatalThrowableError(code: 0): Class 'Barryvdh\\LaravelIdeHelper\\IdeHelperServiceProvider' not found at C:\\Users\\Ines\\Documents\\GitHub\\practice-buddy\\practice-buddy\\vendor\\laravel\\framework\\src\\Illuminate\\Foundation\\ProviderRepository.php:208)
[stacktrace]
#0 C:\\Users\\Ines\\Documents\\GitHub\\practice-buddy\\practice-buddy\\vendor\\laravel\\framework\\src\\Illuminate\\Foundation\\ProviderRepository.php(144): Illuminate\\Foundation\\ProviderRepository->createProvider('Barryvdh\\\\Larave...')
#1 C:\\Users\\Ines\\Documents\\GitHub\\practice-buddy\\practice-buddy\\vendor\\laravel\\framework\\src\\Illuminate\\Foundation\\ProviderRepository.php(61): Illuminate\\Foundation\\ProviderRepository->compileManifest(Array)
#2 C:\\Users\\Ines\\Documents\\GitHub\\practice-buddy\\practice-buddy\\vendor\\laravel\\framework\\src\\Illuminate\\Foundation\\Application.php(574): Illuminate\\Foundation\\ProviderRepository->load(Array)
#3 C:\\Users\\Ines\\Documents\\GitHub\\practice-buddy\\practice-buddy\\vendor\\laravel\\framework\\src\\Illuminate\\Foundation\\Bootstrap\\RegisterProviders.php(17): Illuminate\\Foundation\\Application->registerConfiguredProviders()
#4 C:\\Users\\Ines\\Documents\\GitHub\\practice-buddy\\practice-buddy\\vendor\\laravel\\framework\\src\\Illuminate\\Foundation\\Application.php(211): Illuminate\\Foundation\\Bootstrap\\RegisterProviders->bootstrap(Object(Illuminate\\Foundation\\Application))
#5 C:\\Users\\Ines\\Documents\\GitHub\\practice-buddy\\practice-buddy\\vendor\\laravel\\framework\\src\\Illuminate\\Foundation\\Console\\Kernel.php(297): Illuminate\\Foundation\\Application->bootstrapWith(Array)
#6 C:\\Users\\Ines\\Documents\\GitHub\\practice-buddy\\practice-buddy\\vendor\\laravel\\framework\\src\\Illuminate\\Foundation\\Console\\Kernel.php(120): Illuminate\\Foundation\\Console\\Kernel->bootstrap()
#7 C:\\Users\\Ines\\Documents\\GitHub\\practice-buddy\\practice-buddy\\artisan(37): Illuminate\\Foundation\\Console\\Kernel->handle(Object(Symfony\\Component\\Console\\Input\\ArgvInput), Object(Symfony\\Component\\Console\\Output\\ConsoleOutput))
#8 {main}
"} 
[2020-08-04 21:35:15] local.ERROR: Class 'Barryvdh\LaravelIdeHelper\IdeHelperServiceProvider' not found {"exception":"[object] (Symfony\\Component\\Debug\\Exception\\FatalThrowableError(code: 0): Class 'Barryvdh\\LaravelIdeHelper\\IdeHelperServiceProvider' not found at C:\\Users\\Ines\\Documents\\GitHub\\practice-buddy\\practice-buddy\\vendor\\laravel\\framework\\src\\Illuminate\\Foundation\\ProviderRepository.php:208)
[stacktrace]
#0 C:\\Users\\Ines\\Documents\\GitHub\\practice-buddy\\practice-buddy\\vendor\\laravel\\framework\\src\\Illuminate\\Foundation\\ProviderRepository.php(144): Illuminate\\Foundation\\ProviderRepository->createProvider('Barryvdh\\\\Larave...')
#1 C:\\Users\\Ines\\Documents\\GitHub\\practice-buddy\\practice-buddy\\vendor\\laravel\\framework\\src\\Illuminate\\Foundation\\ProviderRepository.php(61): Illuminate\\Foundation\\ProviderRepository->compileManifest(Array)
#2 C:\\Users\\Ines\\Documents\\GitHub\\practice-buddy\\practice-buddy\\vendor\\laravel\\framework\\src\\Illuminate\\Foundation\\Application.php(574): Illuminate\\Foundation\\ProviderRepository->load(Array)
#3 C:\\Users\\Ines\\Documents\\GitHub\\practice-buddy\\practice-buddy\\vendor\\laravel\\framework\\src\\Illuminate\\Foundation\\Bootstrap\\RegisterProviders.php(17): Illuminate\\Foundation\\Application->registerConfiguredProviders()
#4 C:\\Users\\Ines\\Documents\\GitHub\\practice-buddy\\practice-buddy\\vendor\\laravel\\framework\\src\\Illuminate\\Foundation\\Application.php(211): Illuminate\\Foundation\\Bootstrap\\RegisterProviders->bootstrap(Object(Illuminate\\Foundation\\Application))
#5 C:\\Users\\Ines\\Documents\\GitHub\\practice-buddy\\practice-buddy\\vendor\\laravel\\framework\\src\\Illuminate\\Foundation\\Http\\Kernel.php(162): Illuminate\\Foundation\\Application->bootstrapWith(Array)
#6 C:\\Users\\Ines\\Documents\\GitHub\\practice-buddy\\practice-buddy\\vendor\\laravel\\framework\\src\\Illuminate\\Foundation\\Http\\Kernel.php(146): Illuminate\\Foundation\\Http\\Kernel->bootstrap()
#7 C:\\Users\\Ines\\Documents\\GitHub\\practice-buddy\\practice-buddy\\vendor\\laravel\\framework\\src\\Illuminate\\Foundation\\Http\\Kernel.php(116): Illuminate\\Foundation\\Http\\Kernel->sendRequestThroughRouter(Object(Illuminate\\Http\\Request))
#8 C:\\Users\\Ines\\Documents\\GitHub\\practice-buddy\\practice-buddy\\public\\index.php(55): Illuminate\\Foundation\\Http\\Kernel->handle(Object(Illuminate\\Http\\Request))
#9 C:\\Users\\Ines\\Documents\\GitHub\\practice-buddy\\practice-buddy\\server.php(21): require_once('C:\\\\Users\\\\Ines\\\\D...')
#10 {main}
"} 
[2020-08-04 21:35:16] local.ERROR: Class 'Barryvdh\LaravelIdeHelper\IdeHelperServiceProvider' not found {"exception":"[object] (Symfony\\Component\\Debug\\Exception\\FatalThrowableError(code: 0): Class 'Barryvdh\\LaravelIdeHelper\\IdeHelperServiceProvider' not found at C:\\Users\\Ines\\Documents\\GitHub\\practice-buddy\\practice-buddy\\vendor\\laravel\\framework\\src\\Illuminate\\Foundation\\ProviderRepository.php:208)
[stacktrace]
#0 C:\\Users\\Ines\\Documents\\GitHub\\practice-buddy\\practice-buddy\\vendor\\laravel\\framework\\src\\Illuminate\\Foundation\\ProviderRepository.php(144): Illuminate\\Foundation\\ProviderRepository->createProvider('Barryvdh\\\\Larave...')
#1 C:\\Users\\Ines\\Documents\\GitHub\\practice-buddy\\practice-buddy\\vendor\\laravel\\framework\\src\\Illuminate\\Foundation\\ProviderRepository.php(61): Illuminate\\Foundation\\ProviderRepository->compileManifest(Array)
#2 C:\\Users\\Ines\\Documents\\GitHub\\practice-buddy\\practice-buddy\\vendor\\laravel\\framework\\src\\Illuminate\\Foundation\\Application.php(574): Illuminate\\Foundation\\ProviderRepository->load(Array)
#3 C:\\Users\\Ines\\Documents\\GitHub\\practice-buddy\\practice-buddy\\vendor\\laravel\\framework\\src\\Illuminate\\Foundation\\Bootstrap\\RegisterProviders.php(17): Illuminate\\Foundation\\Application->registerConfiguredProviders()
#4 C:\\Users\\Ines\\Documents\\GitHub\\practice-buddy\\practice-buddy\\vendor\\laravel\\framework\\src\\Illuminate\\Foundation\\Application.php(211): Illuminate\\Foundation\\Bootstrap\\RegisterProviders->bootstrap(Object(Illuminate\\Foundation\\Application))
#5 C:\\Users\\Ines\\Documents\\GitHub\\practice-buddy\\practice-buddy\\vendor\\laravel\\framework\\src\\Illuminate\\Foundation\\Http\\Kernel.php(162): Illuminate\\Foundation\\Application->bootstrapWith(Array)
#6 C:\\Users\\Ines\\Documents\\GitHub\\practice-buddy\\practice-buddy\\vendor\\laravel\\framework\\src\\Illuminate\\Foundation\\Http\\Kernel.php(146): Illuminate\\Foundation\\Http\\Kernel->bootstrap()
#7 C:\\Users\\Ines\\Documents\\GitHub\\practice-buddy\\practice-buddy\\vendor\\laravel\\framework\\src\\Illuminate\\Foundation\\Http\\Kernel.php(116): Illuminate\\Foundation\\Http\\Kernel->sendRequestThroughRouter(Object(Illuminate\\Http\\Request))
#8 C:\\Users\\Ines\\Documents\\GitHub\\practice-buddy\\practice-buddy\\public\\index.php(55): Illuminate\\Foundation\\Http\\Kernel->handle(Object(Illuminate\\Http\\Request))
#9 C:\\Users\\Ines\\Documents\\GitHub\\practice-buddy\\practice-buddy\\server.php(21): require_once('C:\\\\Users\\\\Ines\\\\D...')
#10 {main}
"} 
[2020-08-04 21:36:43] local.ERROR: Class 'Barryvdh\LaravelIdeHelper\IdeHelperServiceProvider' not found {"exception":"[object] (Symfony\\Component\\Debug\\Exception\\FatalThrowableError(code: 0): Class 'Barryvdh\\LaravelIdeHelper\\IdeHelperServiceProvider' not found at C:\\Users\\Ines\\Documents\\GitHub\\practice-buddy\\practice-buddy\\vendor\\laravel\\framework\\src\\Illuminate\\Foundation\\ProviderRepository.php:208)
[stacktrace]
#0 C:\\Users\\Ines\\Documents\\GitHub\\practice-buddy\\practice-buddy\\vendor\\laravel\\framework\\src\\Illuminate\\Foundation\\ProviderRepository.php(144): Illuminate\\Foundation\\ProviderRepository->createProvider('Barryvdh\\\\Larave...')
#1 C:\\Users\\Ines\\Documents\\GitHub\\practice-buddy\\practice-buddy\\vendor\\laravel\\framework\\src\\Illuminate\\Foundation\\ProviderRepository.php(61): Illuminate\\Foundation\\ProviderRepository->compileManifest(Array)
#2 C:\\Users\\Ines\\Documents\\GitHub\\practice-buddy\\practice-buddy\\vendor\\laravel\\framework\\src\\Illuminate\\Foundation\\Application.php(574): Illuminate\\Foundation\\ProviderRepository->load(Array)
#3 C:\\Users\\Ines\\Documents\\GitHub\\practice-buddy\\practice-buddy\\vendor\\laravel\\framework\\src\\Illuminate\\Foundation\\Bootstrap\\RegisterProviders.php(17): Illuminate\\Foundation\\Application->registerConfiguredProviders()
#4 C:\\Users\\Ines\\Documents\\GitHub\\practice-buddy\\practice-buddy\\vendor\\laravel\\framework\\src\\Illuminate\\Foundation\\Application.php(211): Illuminate\\Foundation\\Bootstrap\\RegisterProviders->bootstrap(Object(Illuminate\\Foundation\\Application))
#5 C:\\Users\\Ines\\Documents\\GitHub\\practice-buddy\\practice-buddy\\vendor\\laravel\\framework\\src\\Illuminate\\Foundation\\Console\\Kernel.php(297): Illuminate\\Foundation\\Application->bootstrapWith(Array)
#6 C:\\Users\\Ines\\Documents\\GitHub\\practice-buddy\\practice-buddy\\vendor\\laravel\\framework\\src\\Illuminate\\Foundation\\Console\\Kernel.php(120): Illuminate\\Foundation\\Console\\Kernel->bootstrap()
#7 C:\\Users\\Ines\\Documents\\GitHub\\practice-buddy\\practice-buddy\\artisan(37): Illuminate\\Foundation\\Console\\Kernel->handle(Object(Symfony\\Component\\Console\\Input\\ArgvInput), Object(Symfony\\Component\\Console\\Output\\ConsoleOutput))
#8 {main}
"} 
[2020-08-04 21:37:18] local.ERROR: Class 'Barryvdh\LaravelIdeHelper\IdeHelperServiceProvider' not found {"exception":"[object] (Symfony\\Component\\Debug\\Exception\\FatalThrowableError(code: 0): Class 'Barryvdh\\LaravelIdeHelper\\IdeHelperServiceProvider' not found at C:\\Users\\Ines\\Documents\\GitHub\\practice-buddy\\practice-buddy\\vendor\\laravel\\framework\\src\\Illuminate\\Foundation\\ProviderRepository.php:208)
[stacktrace]
#0 C:\\Users\\Ines\\Documents\\GitHub\\practice-buddy\\practice-buddy\\vendor\\laravel\\framework\\src\\Illuminate\\Foundation\\ProviderRepository.php(144): Illuminate\\Foundation\\ProviderRepository->createProvider('Barryvdh\\\\Larave...')
#1 C:\\Users\\Ines\\Documents\\GitHub\\practice-buddy\\practice-buddy\\vendor\\laravel\\framework\\src\\Illuminate\\Foundation\\ProviderRepository.php(61): Illuminate\\Foundation\\ProviderRepository->compileManifest(Array)
#2 C:\\Users\\Ines\\Documents\\GitHub\\practice-buddy\\practice-buddy\\vendor\\laravel\\framework\\src\\Illuminate\\Foundation\\Application.php(574): Illuminate\\Foundation\\ProviderRepository->load(Array)
#3 C:\\Users\\Ines\\Documents\\GitHub\\practice-buddy\\practice-buddy\\vendor\\laravel\\framework\\src\\Illuminate\\Foundation\\Bootstrap\\RegisterProviders.php(17): Illuminate\\Foundation\\Application->registerConfiguredProviders()
#4 C:\\Users\\Ines\\Documents\\GitHub\\practice-buddy\\practice-buddy\\vendor\\laravel\\framework\\src\\Illuminate\\Foundation\\Application.php(211): Illuminate\\Foundation\\Bootstrap\\RegisterProviders->bootstrap(Object(Illuminate\\Foundation\\Application))
#5 C:\\Users\\Ines\\Documents\\GitHub\\practice-buddy\\practice-buddy\\vendor\\laravel\\framework\\src\\Illuminate\\Foundation\\Http\\Kernel.php(162): Illuminate\\Foundation\\Application->bootstrapWith(Array)
#6 C:\\Users\\Ines\\Documents\\GitHub\\practice-buddy\\practice-buddy\\vendor\\laravel\\framework\\src\\Illuminate\\Foundation\\Http\\Kernel.php(146): Illuminate\\Foundation\\Http\\Kernel->bootstrap()
#7 C:\\Users\\Ines\\Documents\\GitHub\\practice-buddy\\practice-buddy\\vendor\\laravel\\framework\\src\\Illuminate\\Foundation\\Http\\Kernel.php(116): Illuminate\\Foundation\\Http\\Kernel->sendRequestThroughRouter(Object(Illuminate\\Http\\Request))
#8 C:\\Users\\Ines\\Documents\\GitHub\\practice-buddy\\practice-buddy\\public\\index.php(55): Illuminate\\Foundation\\Http\\Kernel->handle(Object(Illuminate\\Http\\Request))
#9 C:\\Users\\Ines\\Documents\\GitHub\\practice-buddy\\practice-buddy\\server.php(21): require_once('C:\\\\Users\\\\Ines\\\\D...')
#10 {main}
"} 
[2020-08-04 21:37:19] local.ERROR: Class 'Barryvdh\LaravelIdeHelper\IdeHelperServiceProvider' not found {"exception":"[object] (Symfony\\Component\\Debug\\Exception\\FatalThrowableError(code: 0): Class 'Barryvdh\\LaravelIdeHelper\\IdeHelperServiceProvider' not found at C:\\Users\\Ines\\Documents\\GitHub\\practice-buddy\\practice-buddy\\vendor\\laravel\\framework\\src\\Illuminate\\Foundation\\ProviderRepository.php:208)
[stacktrace]
#0 C:\\Users\\Ines\\Documents\\GitHub\\practice-buddy\\practice-buddy\\vendor\\laravel\\framework\\src\\Illuminate\\Foundation\\ProviderRepository.php(144): Illuminate\\Foundation\\ProviderRepository->createProvider('Barryvdh\\\\Larave...')
#1 C:\\Users\\Ines\\Documents\\GitHub\\practice-buddy\\practice-buddy\\vendor\\laravel\\framework\\src\\Illuminate\\Foundation\\ProviderRepository.php(61): Illuminate\\Foundation\\ProviderRepository->compileManifest(Array)
#2 C:\\Users\\Ines\\Documents\\GitHub\\practice-buddy\\practice-buddy\\vendor\\laravel\\framework\\src\\Illuminate\\Foundation\\Application.php(574): Illuminate\\Foundation\\ProviderRepository->load(Array)
#3 C:\\Users\\Ines\\Documents\\GitHub\\practice-buddy\\practice-buddy\\vendor\\laravel\\framework\\src\\Illuminate\\Foundation\\Bootstrap\\RegisterProviders.php(17): Illuminate\\Foundation\\Application->registerConfiguredProviders()
#4 C:\\Users\\Ines\\Documents\\GitHub\\practice-buddy\\practice-buddy\\vendor\\laravel\\framework\\src\\Illuminate\\Foundation\\Application.php(211): Illuminate\\Foundation\\Bootstrap\\RegisterProviders->bootstrap(Object(Illuminate\\Foundation\\Application))
#5 C:\\Users\\Ines\\Documents\\GitHub\\practice-buddy\\practice-buddy\\vendor\\laravel\\framework\\src\\Illuminate\\Foundation\\Http\\Kernel.php(162): Illuminate\\Foundation\\Application->bootstrapWith(Array)
#6 C:\\Users\\Ines\\Documents\\GitHub\\practice-buddy\\practice-buddy\\vendor\\laravel\\framework\\src\\Illuminate\\Foundation\\Http\\Kernel.php(146): Illuminate\\Foundation\\Http\\Kernel->bootstrap()
#7 C:\\Users\\Ines\\Documents\\GitHub\\practice-buddy\\practice-buddy\\vendor\\laravel\\framework\\src\\Illuminate\\Foundation\\Http\\Kernel.php(116): Illuminate\\Foundation\\Http\\Kernel->sendRequestThroughRouter(Object(Illuminate\\Http\\Request))
#8 C:\\Users\\Ines\\Documents\\GitHub\\practice-buddy\\practice-buddy\\public\\index.php(55): Illuminate\\Foundation\\Http\\Kernel->handle(Object(Illuminate\\Http\\Request))
#9 C:\\Users\\Ines\\Documents\\GitHub\\practice-buddy\\practice-buddy\\server.php(21): require_once('C:\\\\Users\\\\Ines\\\\D...')
#10 {main}
"} 
[2020-08-04 21:37:21] local.ERROR: Class 'Barryvdh\LaravelIdeHelper\IdeHelperServiceProvider' not found {"exception":"[object] (Symfony\\Component\\Debug\\Exception\\FatalThrowableError(code: 0): Class 'Barryvdh\\LaravelIdeHelper\\IdeHelperServiceProvider' not found at C:\\Users\\Ines\\Documents\\GitHub\\practice-buddy\\practice-buddy\\vendor\\laravel\\framework\\src\\Illuminate\\Foundation\\ProviderRepository.php:208)
[stacktrace]
#0 C:\\Users\\Ines\\Documents\\GitHub\\practice-buddy\\practice-buddy\\vendor\\laravel\\framework\\src\\Illuminate\\Foundation\\ProviderRepository.php(144): Illuminate\\Foundation\\ProviderRepository->createProvider('Barryvdh\\\\Larave...')
#1 C:\\Users\\Ines\\Documents\\GitHub\\practice-buddy\\practice-buddy\\vendor\\laravel\\framework\\src\\Illuminate\\Foundation\\ProviderRepository.php(61): Illuminate\\Foundation\\ProviderRepository->compileManifest(Array)
#2 C:\\Users\\Ines\\Documents\\GitHub\\practice-buddy\\practice-buddy\\vendor\\laravel\\framework\\src\\Illuminate\\Foundation\\Application.php(574): Illuminate\\Foundation\\ProviderRepository->load(Array)
#3 C:\\Users\\Ines\\Documents\\GitHub\\practice-buddy\\practice-buddy\\vendor\\laravel\\framework\\src\\Illuminate\\Foundation\\Bootstrap\\RegisterProviders.php(17): Illuminate\\Foundation\\Application->registerConfiguredProviders()
#4 C:\\Users\\Ines\\Documents\\GitHub\\practice-buddy\\practice-buddy\\vendor\\laravel\\framework\\src\\Illuminate\\Foundation\\Application.php(211): Illuminate\\Foundation\\Bootstrap\\RegisterProviders->bootstrap(Object(Illuminate\\Foundation\\Application))
#5 C:\\Users\\Ines\\Documents\\GitHub\\practice-buddy\\practice-buddy\\vendor\\laravel\\framework\\src\\Illuminate\\Foundation\\Http\\Kernel.php(162): Illuminate\\Foundation\\Application->bootstrapWith(Array)
#6 C:\\Users\\Ines\\Documents\\GitHub\\practice-buddy\\practice-buddy\\vendor\\laravel\\framework\\src\\Illuminate\\Foundation\\Http\\Kernel.php(146): Illuminate\\Foundation\\Http\\Kernel->bootstrap()
#7 C:\\Users\\Ines\\Documents\\GitHub\\practice-buddy\\practice-buddy\\vendor\\laravel\\framework\\src\\Illuminate\\Foundation\\Http\\Kernel.php(116): Illuminate\\Foundation\\Http\\Kernel->sendRequestThroughRouter(Object(Illuminate\\Http\\Request))
#8 C:\\Users\\Ines\\Documents\\GitHub\\practice-buddy\\practice-buddy\\public\\index.php(55): Illuminate\\Foundation\\Http\\Kernel->handle(Object(Illuminate\\Http\\Request))
#9 C:\\Users\\Ines\\Documents\\GitHub\\practice-buddy\\practice-buddy\\server.php(21): require_once('C:\\\\Users\\\\Ines\\\\D...')
#10 {main}
"} 
[2020-08-04 21:37:21] local.ERROR: Class 'Barryvdh\LaravelIdeHelper\IdeHelperServiceProvider' not found {"exception":"[object] (Symfony\\Component\\Debug\\Exception\\FatalThrowableError(code: 0): Class 'Barryvdh\\LaravelIdeHelper\\IdeHelperServiceProvider' not found at C:\\Users\\Ines\\Documents\\GitHub\\practice-buddy\\practice-buddy\\vendor\\laravel\\framework\\src\\Illuminate\\Foundation\\ProviderRepository.php:208)
[stacktrace]
#0 C:\\Users\\Ines\\Documents\\GitHub\\practice-buddy\\practice-buddy\\vendor\\laravel\\framework\\src\\Illuminate\\Foundation\\ProviderRepository.php(144): Illuminate\\Foundation\\ProviderRepository->createProvider('Barryvdh\\\\Larave...')
#1 C:\\Users\\Ines\\Documents\\GitHub\\practice-buddy\\practice-buddy\\vendor\\laravel\\framework\\src\\Illuminate\\Foundation\\ProviderRepository.php(61): Illuminate\\Foundation\\ProviderRepository->compileManifest(Array)
#2 C:\\Users\\Ines\\Documents\\GitHub\\practice-buddy\\practice-buddy\\vendor\\laravel\\framework\\src\\Illuminate\\Foundation\\Application.php(574): Illuminate\\Foundation\\ProviderRepository->load(Array)
#3 C:\\Users\\Ines\\Documents\\GitHub\\practice-buddy\\practice-buddy\\vendor\\laravel\\framework\\src\\Illuminate\\Foundation\\Bootstrap\\RegisterProviders.php(17): Illuminate\\Foundation\\Application->registerConfiguredProviders()
#4 C:\\Users\\Ines\\Documents\\GitHub\\practice-buddy\\practice-buddy\\vendor\\laravel\\framework\\src\\Illuminate\\Foundation\\Application.php(211): Illuminate\\Foundation\\Bootstrap\\RegisterProviders->bootstrap(Object(Illuminate\\Foundation\\Application))
#5 C:\\Users\\Ines\\Documents\\GitHub\\practice-buddy\\practice-buddy\\vendor\\laravel\\framework\\src\\Illuminate\\Foundation\\Http\\Kernel.php(162): Illuminate\\Foundation\\Application->bootstrapWith(Array)
#6 C:\\Users\\Ines\\Documents\\GitHub\\practice-buddy\\practice-buddy\\vendor\\laravel\\framework\\src\\Illuminate\\Foundation\\Http\\Kernel.php(146): Illuminate\\Foundation\\Http\\Kernel->bootstrap()
#7 C:\\Users\\Ines\\Documents\\GitHub\\practice-buddy\\practice-buddy\\vendor\\laravel\\framework\\src\\Illuminate\\Foundation\\Http\\Kernel.php(116): Illuminate\\Foundation\\Http\\Kernel->sendRequestThroughRouter(Object(Illuminate\\Http\\Request))
#8 C:\\Users\\Ines\\Documents\\GitHub\\practice-buddy\\practice-buddy\\public\\index.php(55): Illuminate\\Foundation\\Http\\Kernel->handle(Object(Illuminate\\Http\\Request))
#9 C:\\Users\\Ines\\Documents\\GitHub\\practice-buddy\\practice-buddy\\server.php(21): require_once('C:\\\\Users\\\\Ines\\\\D...')
#10 {main}
"} 
[2020-08-04 21:41:14] local.ERROR: Class 'Barryvdh\LaravelIdeHelper\IdeHelperServiceProvider' not found {"exception":"[object] (Symfony\\Component\\Debug\\Exception\\FatalThrowableError(code: 0): Class 'Barryvdh\\LaravelIdeHelper\\IdeHelperServiceProvider' not found at C:\\Users\\Ines\\Documents\\GitHub\\practice-buddy\\practice-buddy\\vendor\\laravel\\framework\\src\\Illuminate\\Foundation\\ProviderRepository.php:208)
[stacktrace]
#0 C:\\Users\\Ines\\Documents\\GitHub\\practice-buddy\\practice-buddy\\vendor\\laravel\\framework\\src\\Illuminate\\Foundation\\ProviderRepository.php(144): Illuminate\\Foundation\\ProviderRepository->createProvider('Barryvdh\\\\Larave...')
#1 C:\\Users\\Ines\\Documents\\GitHub\\practice-buddy\\practice-buddy\\vendor\\laravel\\framework\\src\\Illuminate\\Foundation\\ProviderRepository.php(61): Illuminate\\Foundation\\ProviderRepository->compileManifest(Array)
#2 C:\\Users\\Ines\\Documents\\GitHub\\practice-buddy\\practice-buddy\\vendor\\laravel\\framework\\src\\Illuminate\\Foundation\\Application.php(574): Illuminate\\Foundation\\ProviderRepository->load(Array)
#3 C:\\Users\\Ines\\Documents\\GitHub\\practice-buddy\\practice-buddy\\vendor\\laravel\\framework\\src\\Illuminate\\Foundation\\Bootstrap\\RegisterProviders.php(17): Illuminate\\Foundation\\Application->registerConfiguredProviders()
#4 C:\\Users\\Ines\\Documents\\GitHub\\practice-buddy\\practice-buddy\\vendor\\laravel\\framework\\src\\Illuminate\\Foundation\\Application.php(211): Illuminate\\Foundation\\Bootstrap\\RegisterProviders->bootstrap(Object(Illuminate\\Foundation\\Application))
#5 C:\\Users\\Ines\\Documents\\GitHub\\practice-buddy\\practice-buddy\\vendor\\laravel\\framework\\src\\Illuminate\\Foundation\\Console\\Kernel.php(297): Illuminate\\Foundation\\Application->bootstrapWith(Array)
#6 C:\\Users\\Ines\\Documents\\GitHub\\practice-buddy\\practice-buddy\\vendor\\laravel\\framework\\src\\Illuminate\\Foundation\\Console\\Kernel.php(120): Illuminate\\Foundation\\Console\\Kernel->bootstrap()
#7 C:\\Users\\Ines\\Documents\\GitHub\\practice-buddy\\practice-buddy\\artisan(37): Illuminate\\Foundation\\Console\\Kernel->handle(Object(Symfony\\Component\\Console\\Input\\ArgvInput), Object(Symfony\\Component\\Console\\Output\\ConsoleOutput))
#8 {main}
"} 
[2020-08-04 21:41:22] local.ERROR: Class 'Barryvdh\LaravelIdeHelper\IdeHelperServiceProvider' not found {"exception":"[object] (Symfony\\Component\\Debug\\Exception\\FatalThrowableError(code: 0): Class 'Barryvdh\\LaravelIdeHelper\\IdeHelperServiceProvider' not found at C:\\Users\\Ines\\Documents\\GitHub\\practice-buddy\\practice-buddy\\vendor\\laravel\\framework\\src\\Illuminate\\Foundation\\ProviderRepository.php:208)
[stacktrace]
#0 C:\\Users\\Ines\\Documents\\GitHub\\practice-buddy\\practice-buddy\\vendor\\laravel\\framework\\src\\Illuminate\\Foundation\\ProviderRepository.php(144): Illuminate\\Foundation\\ProviderRepository->createProvider('Barryvdh\\\\Larave...')
#1 C:\\Users\\Ines\\Documents\\GitHub\\practice-buddy\\practice-buddy\\vendor\\laravel\\framework\\src\\Illuminate\\Foundation\\ProviderRepository.php(61): Illuminate\\Foundation\\ProviderRepository->compileManifest(Array)
#2 C:\\Users\\Ines\\Documents\\GitHub\\practice-buddy\\practice-buddy\\vendor\\laravel\\framework\\src\\Illuminate\\Foundation\\Application.php(574): Illuminate\\Foundation\\ProviderRepository->load(Array)
#3 C:\\Users\\Ines\\Documents\\GitHub\\practice-buddy\\practice-buddy\\vendor\\laravel\\framework\\src\\Illuminate\\Foundation\\Bootstrap\\RegisterProviders.php(17): Illuminate\\Foundation\\Application->registerConfiguredProviders()
#4 C:\\Users\\Ines\\Documents\\GitHub\\practice-buddy\\practice-buddy\\vendor\\laravel\\framework\\src\\Illuminate\\Foundation\\Application.php(211): Illuminate\\Foundation\\Bootstrap\\RegisterProviders->bootstrap(Object(Illuminate\\Foundation\\Application))
#5 C:\\Users\\Ines\\Documents\\GitHub\\practice-buddy\\practice-buddy\\vendor\\laravel\\framework\\src\\Illuminate\\Foundation\\Http\\Kernel.php(162): Illuminate\\Foundation\\Application->bootstrapWith(Array)
#6 C:\\Users\\Ines\\Documents\\GitHub\\practice-buddy\\practice-buddy\\vendor\\laravel\\framework\\src\\Illuminate\\Foundation\\Http\\Kernel.php(146): Illuminate\\Foundation\\Http\\Kernel->bootstrap()
#7 C:\\Users\\Ines\\Documents\\GitHub\\practice-buddy\\practice-buddy\\vendor\\laravel\\framework\\src\\Illuminate\\Foundation\\Http\\Kernel.php(116): Illuminate\\Foundation\\Http\\Kernel->sendRequestThroughRouter(Object(Illuminate\\Http\\Request))
#8 C:\\Users\\Ines\\Documents\\GitHub\\practice-buddy\\practice-buddy\\public\\index.php(55): Illuminate\\Foundation\\Http\\Kernel->handle(Object(Illuminate\\Http\\Request))
#9 C:\\Users\\Ines\\Documents\\GitHub\\practice-buddy\\practice-buddy\\server.php(21): require_once('C:\\\\Users\\\\Ines\\\\D...')
#10 {main}
"} 
[2020-08-04 21:41:23] local.ERROR: Class 'Barryvdh\LaravelIdeHelper\IdeHelperServiceProvider' not found {"exception":"[object] (Symfony\\Component\\Debug\\Exception\\FatalThrowableError(code: 0): Class 'Barryvdh\\LaravelIdeHelper\\IdeHelperServiceProvider' not found at C:\\Users\\Ines\\Documents\\GitHub\\practice-buddy\\practice-buddy\\vendor\\laravel\\framework\\src\\Illuminate\\Foundation\\ProviderRepository.php:208)
[stacktrace]
#0 C:\\Users\\Ines\\Documents\\GitHub\\practice-buddy\\practice-buddy\\vendor\\laravel\\framework\\src\\Illuminate\\Foundation\\ProviderRepository.php(144): Illuminate\\Foundation\\ProviderRepository->createProvider('Barryvdh\\\\Larave...')
#1 C:\\Users\\Ines\\Documents\\GitHub\\practice-buddy\\practice-buddy\\vendor\\laravel\\framework\\src\\Illuminate\\Foundation\\ProviderRepository.php(61): Illuminate\\Foundation\\ProviderRepository->compileManifest(Array)
#2 C:\\Users\\Ines\\Documents\\GitHub\\practice-buddy\\practice-buddy\\vendor\\laravel\\framework\\src\\Illuminate\\Foundation\\Application.php(574): Illuminate\\Foundation\\ProviderRepository->load(Array)
#3 C:\\Users\\Ines\\Documents\\GitHub\\practice-buddy\\practice-buddy\\vendor\\laravel\\framework\\src\\Illuminate\\Foundation\\Bootstrap\\RegisterProviders.php(17): Illuminate\\Foundation\\Application->registerConfiguredProviders()
#4 C:\\Users\\Ines\\Documents\\GitHub\\practice-buddy\\practice-buddy\\vendor\\laravel\\framework\\src\\Illuminate\\Foundation\\Application.php(211): Illuminate\\Foundation\\Bootstrap\\RegisterProviders->bootstrap(Object(Illuminate\\Foundation\\Application))
#5 C:\\Users\\Ines\\Documents\\GitHub\\practice-buddy\\practice-buddy\\vendor\\laravel\\framework\\src\\Illuminate\\Foundation\\Http\\Kernel.php(162): Illuminate\\Foundation\\Application->bootstrapWith(Array)
#6 C:\\Users\\Ines\\Documents\\GitHub\\practice-buddy\\practice-buddy\\vendor\\laravel\\framework\\src\\Illuminate\\Foundation\\Http\\Kernel.php(146): Illuminate\\Foundation\\Http\\Kernel->bootstrap()
#7 C:\\Users\\Ines\\Documents\\GitHub\\practice-buddy\\practice-buddy\\vendor\\laravel\\framework\\src\\Illuminate\\Foundation\\Http\\Kernel.php(116): Illuminate\\Foundation\\Http\\Kernel->sendRequestThroughRouter(Object(Illuminate\\Http\\Request))
#8 C:\\Users\\Ines\\Documents\\GitHub\\practice-buddy\\practice-buddy\\public\\index.php(55): Illuminate\\Foundation\\Http\\Kernel->handle(Object(Illuminate\\Http\\Request))
#9 C:\\Users\\Ines\\Documents\\GitHub\\practice-buddy\\practice-buddy\\server.php(21): require_once('C:\\\\Users\\\\Ines\\\\D...')
#10 {main}
"} 
[2020-08-04 21:41:33] local.ERROR: Class 'Barryvdh\LaravelIdeHelper\IdeHelperServiceProvider' not found {"exception":"[object] (Symfony\\Component\\Debug\\Exception\\FatalThrowableError(code: 0): Class 'Barryvdh\\LaravelIdeHelper\\IdeHelperServiceProvider' not found at C:\\Users\\Ines\\Documents\\GitHub\\practice-buddy\\practice-buddy\\vendor\\laravel\\framework\\src\\Illuminate\\Foundation\\ProviderRepository.php:208)
[stacktrace]
#0 C:\\Users\\Ines\\Documents\\GitHub\\practice-buddy\\practice-buddy\\vendor\\laravel\\framework\\src\\Illuminate\\Foundation\\ProviderRepository.php(144): Illuminate\\Foundation\\ProviderRepository->createProvider('Barryvdh\\\\Larave...')
#1 C:\\Users\\Ines\\Documents\\GitHub\\practice-buddy\\practice-buddy\\vendor\\laravel\\framework\\src\\Illuminate\\Foundation\\ProviderRepository.php(61): Illuminate\\Foundation\\ProviderRepository->compileManifest(Array)
#2 C:\\Users\\Ines\\Documents\\GitHub\\practice-buddy\\practice-buddy\\vendor\\laravel\\framework\\src\\Illuminate\\Foundation\\Application.php(574): Illuminate\\Foundation\\ProviderRepository->load(Array)
#3 C:\\Users\\Ines\\Documents\\GitHub\\practice-buddy\\practice-buddy\\vendor\\laravel\\framework\\src\\Illuminate\\Foundation\\Bootstrap\\RegisterProviders.php(17): Illuminate\\Foundation\\Application->registerConfiguredProviders()
#4 C:\\Users\\Ines\\Documents\\GitHub\\practice-buddy\\practice-buddy\\vendor\\laravel\\framework\\src\\Illuminate\\Foundation\\Application.php(211): Illuminate\\Foundation\\Bootstrap\\RegisterProviders->bootstrap(Object(Illuminate\\Foundation\\Application))
#5 C:\\Users\\Ines\\Documents\\GitHub\\practice-buddy\\practice-buddy\\vendor\\laravel\\framework\\src\\Illuminate\\Foundation\\Console\\Kernel.php(297): Illuminate\\Foundation\\Application->bootstrapWith(Array)
#6 C:\\Users\\Ines\\Documents\\GitHub\\practice-buddy\\practice-buddy\\vendor\\laravel\\framework\\src\\Illuminate\\Foundation\\Console\\Kernel.php(120): Illuminate\\Foundation\\Console\\Kernel->bootstrap()
#7 C:\\Users\\Ines\\Documents\\GitHub\\practice-buddy\\practice-buddy\\artisan(37): Illuminate\\Foundation\\Console\\Kernel->handle(Object(Symfony\\Component\\Console\\Input\\ArgvInput), Object(Symfony\\Component\\Console\\Output\\ConsoleOutput))
#8 {main}
"} 
[2020-08-04 21:43:48] local.ERROR: Class 'Barryvdh\LaravelIdeHelper\IdeHelperServiceProvider' not found {"exception":"[object] (Symfony\\Component\\Debug\\Exception\\FatalThrowableError(code: 0): Class 'Barryvdh\\LaravelIdeHelper\\IdeHelperServiceProvider' not found at C:\\Users\\Ines\\Documents\\GitHub\\practice-buddy\\practice-buddy\\vendor\\laravel\\framework\\src\\Illuminate\\Foundation\\ProviderRepository.php:208)
[stacktrace]
#0 C:\\Users\\Ines\\Documents\\GitHub\\practice-buddy\\practice-buddy\\vendor\\laravel\\framework\\src\\Illuminate\\Foundation\\ProviderRepository.php(144): Illuminate\\Foundation\\ProviderRepository->createProvider('Barryvdh\\\\Larave...')
#1 C:\\Users\\Ines\\Documents\\GitHub\\practice-buddy\\practice-buddy\\vendor\\laravel\\framework\\src\\Illuminate\\Foundation\\ProviderRepository.php(61): Illuminate\\Foundation\\ProviderRepository->compileManifest(Array)
#2 C:\\Users\\Ines\\Documents\\GitHub\\practice-buddy\\practice-buddy\\vendor\\laravel\\framework\\src\\Illuminate\\Foundation\\Application.php(574): Illuminate\\Foundation\\ProviderRepository->load(Array)
#3 C:\\Users\\Ines\\Documents\\GitHub\\practice-buddy\\practice-buddy\\vendor\\laravel\\framework\\src\\Illuminate\\Foundation\\Bootstrap\\RegisterProviders.php(17): Illuminate\\Foundation\\Application->registerConfiguredProviders()
#4 C:\\Users\\Ines\\Documents\\GitHub\\practice-buddy\\practice-buddy\\vendor\\laravel\\framework\\src\\Illuminate\\Foundation\\Application.php(211): Illuminate\\Foundation\\Bootstrap\\RegisterProviders->bootstrap(Object(Illuminate\\Foundation\\Application))
#5 C:\\Users\\Ines\\Documents\\GitHub\\practice-buddy\\practice-buddy\\vendor\\laravel\\framework\\src\\Illuminate\\Foundation\\Http\\Kernel.php(162): Illuminate\\Foundation\\Application->bootstrapWith(Array)
#6 C:\\Users\\Ines\\Documents\\GitHub\\practice-buddy\\practice-buddy\\vendor\\laravel\\framework\\src\\Illuminate\\Foundation\\Http\\Kernel.php(146): Illuminate\\Foundation\\Http\\Kernel->bootstrap()
#7 C:\\Users\\Ines\\Documents\\GitHub\\practice-buddy\\practice-buddy\\vendor\\laravel\\framework\\src\\Illuminate\\Foundation\\Http\\Kernel.php(116): Illuminate\\Foundation\\Http\\Kernel->sendRequestThroughRouter(Object(Illuminate\\Http\\Request))
#8 C:\\Users\\Ines\\Documents\\GitHub\\practice-buddy\\practice-buddy\\public\\index.php(55): Illuminate\\Foundation\\Http\\Kernel->handle(Object(Illuminate\\Http\\Request))
#9 C:\\Users\\Ines\\Documents\\GitHub\\practice-buddy\\practice-buddy\\server.php(21): require_once('C:\\\\Users\\\\Ines\\\\D...')
#10 {main}
"} 
[2020-08-04 21:43:49] local.ERROR: Class 'Barryvdh\LaravelIdeHelper\IdeHelperServiceProvider' not found {"exception":"[object] (Symfony\\Component\\Debug\\Exception\\FatalThrowableError(code: 0): Class 'Barryvdh\\LaravelIdeHelper\\IdeHelperServiceProvider' not found at C:\\Users\\Ines\\Documents\\GitHub\\practice-buddy\\practice-buddy\\vendor\\laravel\\framework\\src\\Illuminate\\Foundation\\ProviderRepository.php:208)
[stacktrace]
#0 C:\\Users\\Ines\\Documents\\GitHub\\practice-buddy\\practice-buddy\\vendor\\laravel\\framework\\src\\Illuminate\\Foundation\\ProviderRepository.php(144): Illuminate\\Foundation\\ProviderRepository->createProvider('Barryvdh\\\\Larave...')
#1 C:\\Users\\Ines\\Documents\\GitHub\\practice-buddy\\practice-buddy\\vendor\\laravel\\framework\\src\\Illuminate\\Foundation\\ProviderRepository.php(61): Illuminate\\Foundation\\ProviderRepository->compileManifest(Array)
#2 C:\\Users\\Ines\\Documents\\GitHub\\practice-buddy\\practice-buddy\\vendor\\laravel\\framework\\src\\Illuminate\\Foundation\\Application.php(574): Illuminate\\Foundation\\ProviderRepository->load(Array)
#3 C:\\Users\\Ines\\Documents\\GitHub\\practice-buddy\\practice-buddy\\vendor\\laravel\\framework\\src\\Illuminate\\Foundation\\Bootstrap\\RegisterProviders.php(17): Illuminate\\Foundation\\Application->registerConfiguredProviders()
#4 C:\\Users\\Ines\\Documents\\GitHub\\practice-buddy\\practice-buddy\\vendor\\laravel\\framework\\src\\Illuminate\\Foundation\\Application.php(211): Illuminate\\Foundation\\Bootstrap\\RegisterProviders->bootstrap(Object(Illuminate\\Foundation\\Application))
#5 C:\\Users\\Ines\\Documents\\GitHub\\practice-buddy\\practice-buddy\\vendor\\laravel\\framework\\src\\Illuminate\\Foundation\\Http\\Kernel.php(162): Illuminate\\Foundation\\Application->bootstrapWith(Array)
#6 C:\\Users\\Ines\\Documents\\GitHub\\practice-buddy\\practice-buddy\\vendor\\laravel\\framework\\src\\Illuminate\\Foundation\\Http\\Kernel.php(146): Illuminate\\Foundation\\Http\\Kernel->bootstrap()
#7 C:\\Users\\Ines\\Documents\\GitHub\\practice-buddy\\practice-buddy\\vendor\\laravel\\framework\\src\\Illuminate\\Foundation\\Http\\Kernel.php(116): Illuminate\\Foundation\\Http\\Kernel->sendRequestThroughRouter(Object(Illuminate\\Http\\Request))
#8 C:\\Users\\Ines\\Documents\\GitHub\\practice-buddy\\practice-buddy\\public\\index.php(55): Illuminate\\Foundation\\Http\\Kernel->handle(Object(Illuminate\\Http\\Request))
#9 C:\\Users\\Ines\\Documents\\GitHub\\practice-buddy\\practice-buddy\\server.php(21): require_once('C:\\\\Users\\\\Ines\\\\D...')
#10 {main}
"} 
