[2020-08-06 15:05:46] local.ERROR: Argument 1 passed to Illuminate\Routing\RouteAction::findCallable() must be of the type array, object given, called in C:\Users\Ines\Documents\GitHub\practice-buddy\practice-buddy\vendor\laravel\framework\src\Illuminate\Routing\RouteAction.php on line 42 {"exception":"[object] (Symfony\\Component\\Debug\\Exception\\FatalThrowableError(code: 0): Argument 1 passed to Illuminate\\Routing\\RouteAction::findCallable() must be of the type array, object given, called in C:\\Users\\Ines\\Documents\\GitHub\\practice-buddy\\practice-buddy\\vendor\\laravel\\framework\\src\\Illuminate\\Routing\\RouteAction.php on line 42 at C:\\Users\\Ines\\Documents\\GitHub\\practice-buddy\\practice-buddy\\vendor\\laravel\\framework\\src\\Illuminate\\Routing\\RouteAction.php:71)
[stacktrace]
#0 C:\\Users\\Ines\\Documents\\GitHub\\practice-buddy\\practice-buddy\\vendor\\laravel\\framework\\src\\Illuminate\\Routing\\RouteAction.php(42): Illuminate\\Routing\\RouteAction::findCallable(Object(Illuminate\\View\\View))
#1 C:\\Users\\Ines\\Documents\\GitHub\\practice-buddy\\practice-buddy\\vendor\\laravel\\framework\\src\\Illuminate\\Routing\\Route.php(162): Illuminate\\Routing\\RouteAction::parse('offline', Object(Illuminate\\View\\View))
#2 C:\\Users\\Ines\\Documents\\GitHub\\practice-buddy\\practice-buddy\\vendor\\laravel\\framework\\src\\Illuminate\\Routing\\Route.php(141): Illuminate\\Routing\\Route->parseAction(Object(Illuminate\\View\\View))
#3 C:\\Users\\Ines\\Documents\\GitHub\\practice-buddy\\practice-buddy\\vendor\\laravel\\framework\\src\\Illuminate\\Routing\\Router.php(549): Illuminate\\Routing\\Route->__construct(Array, 'offline', Object(Illuminate\\View\\View))
#4 C:\\Users\\Ines\\Documents\\GitHub\\practice-buddy\\practice-buddy\\vendor\\laravel\\framework\\src\\Illuminate\\Routing\\Router.php(468): Illuminate\\Routing\\Router->newRoute(Array, 'offline', Object(Illuminate\\View\\View))
#5 C:\\Users\\Ines\\Documents\\GitHub\\practice-buddy\\practice-buddy\\vendor\\laravel\\framework\\src\\Illuminate\\Routing\\Router.php(447): Illuminate\\Routing\\Router->createRoute(Array, '/offline', Object(Illuminate\\View\\View))
#6 C:\\Users\\Ines\\Documents\\GitHub\\practice-buddy\\practice-buddy\\vendor\\laravel\\framework\\src\\Illuminate\\Routing\\Router.php(144): Illuminate\\Routing\\Router->addRoute(Array, '/offline', Object(Illuminate\\View\\View))
#7 C:\\Users\\Ines\\Documents\\GitHub\\practice-buddy\\practice-buddy\\vendor\\laravel\\framework\\src\\Illuminate\\Support\\Facades\\Facade.php(237): Illuminate\\Routing\\Router->get('/offline', Object(Illuminate\\View\\View))
#8 C:\\Users\\Ines\\Documents\\GitHub\\practice-buddy\\practice-buddy\outes\\web.php(17): Illuminate\\Support\\Facades\\Facade::__callStatic('get', Array)
#9 C:\\Users\\Ines\\Documents\\GitHub\\practice-buddy\\practice-buddy\\vendor\\laravel\\framework\\src\\Illuminate\\Routing\\Router.php(417): require('C:\\\\Users\\\\Ines\\\\D...')
#10 C:\\Users\\Ines\\Documents\\GitHub\\practice-buddy\\practice-buddy\\vendor\\laravel\\framework\\src\\Illuminate\\Routing\\Router.php(373): Illuminate\\Routing\\Router->loadRoutes('C:\\\\Users\\\\Ines\\\\D...')
#11 C:\\Users\\Ines\\Documents\\GitHub\\practice-buddy\\practice-buddy\\vendor\\laravel\\framework\\src\\Illuminate\\Routing\\RouteRegistrar.php(121): Illuminate\\Routing\\Router->group(Array, 'C:\\\\Users\\\\Ines\\\\D...')
#12 C:\\Users\\Ines\\Documents\\GitHub\\practice-buddy\\practice-buddy\\app\\Providers\\RouteServiceProvider.php(56): Illuminate\\Routing\\RouteRegistrar->group('C:\\\\Users\\\\Ines\\\\D...')
#13 C:\\Users\\Ines\\Documents\\GitHub\\practice-buddy\\practice-buddy\\app\\Providers\\RouteServiceProvider.php(40): App\\Providers\\RouteServiceProvider->mapWebRoutes()
#14 [internal function]: App\\Providers\\RouteServiceProvider->map()
#15 C:\\Users\\Ines\\Documents\\GitHub\\practice-buddy\\practice-buddy\\vendor\\laravel\\framework\\src\\Illuminate\\Container\\BoundMethod.php(29): call_user_func_array(Array, Array)
#16 C:\\Users\\Ines\\Documents\\GitHub\\practice-buddy\\practice-buddy\\vendor\\laravel\\framework\\src\\Illuminate\\Container\\BoundMethod.php(87): Illuminate\\Container\\BoundMethod::Illuminate\\Container\\{closure}()
#17 C:\\Users\\Ines\\Documents\\GitHub\\practice-buddy\\practice-buddy\\vendor\\laravel\\framework\\src\\Illuminate\\Container\\BoundMethod.php(31): Illuminate\\Container\\BoundMethod::callBoundMethod(Object(Illuminate\\Foundation\\Application), Array, Object(Closure))
#18 C:\\Users\\Ines\\Documents\\GitHub\\practice-buddy\\practice-buddy\\vendor\\laravel\\framework\\src\\Illuminate\\Container\\Container.php(572): Illuminate\\Container\\BoundMethod::call(Object(Illuminate\\Foundation\\Application), Array, Array, NULL)
#19 C:\\Users\\Ines\\Documents\\GitHub\\practice-buddy\\practice-buddy\\vendor\\laravel\\framework\\src\\Illuminate\\Foundation\\Support\\Providers\\RouteServiceProvider.php(77): Illuminate\\Container\\Container->call(Array)
#20 C:\\Users\\Ines\\Documents\\GitHub\\practice-buddy\\practice-buddy\\vendor\\laravel\\framework\\src\\Illuminate\\Foundation\\Support\\Providers\\RouteServiceProvider.php(36): Illuminate\\Foundation\\Support\\Providers\\RouteServiceProvider->loadRoutes()
#21 C:\\Users\\Ines\\Documents\\GitHub\\practice-buddy\\practice-buddy\\app\\Providers\\RouteServiceProvider.php(28): Illuminate\\Foundation\\Support\\Providers\\RouteServiceProvider->boot()
#22 [internal function]: App\\Providers\\RouteServiceProvider->boot()
#23 C:\\Users\\Ines\\Documents\\GitHub\\practice-buddy\\practice-buddy\\vendor\\laravel\\framework\\src\\Illuminate\\Container\\BoundMethod.php(29): call_user_func_array(Array, Array)
#24 C:\\Users\\Ines\\Documents\\GitHub\\practice-buddy\\practice-buddy\\vendor\\laravel\\framework\\src\\Illuminate\\Container\\BoundMethod.php(87): Illuminate\\Container\\BoundMethod::Illuminate\\Container\\{closure}()
#25 C:\\Users\\Ines\\Documents\\GitHub\\practice-buddy\\practice-buddy\\vendor\\laravel\\framework\\src\\Illuminate\\Container\\BoundMethod.php(31): Illuminate\\Container\\BoundMethod::callBoundMethod(Object(Illuminate\\Foundation\\Application), Array, Object(Closure))
#26 C:\\Users\\Ines\\Documents\\GitHub\\practice-buddy\\practice-buddy\\vendor\\laravel\\framework\\src\\Illuminate\\Container\\Container.php(572): Illuminate\\Container\\BoundMethod::call(Object(Illuminate\\Foundation\\Application), Array, Array, NULL)
#27 C:\\Users\\Ines\\Documents\\GitHub\\practice-buddy\\practice-buddy\\vendor\\laravel\\framework\\src\\Illuminate\\Foundation\\Application.php(819): Illuminate\\Container\\Container->call(Array)
#28 C:\\Users\\Ines\\Documents\\GitHub\\practice-buddy\\practice-buddy\\vendor\\laravel\\framework\\src\\Illuminate\\Foundation\\Application.php(802): Illuminate\\Foundation\\Application->bootProvider(Object(App\\Providers\\RouteServiceProvider))
#29 [internal function]: Illuminate\\Foundation\\Application->Illuminate\\Foundation\\{closure}(Object(App\\Providers\\RouteServiceProvider), 25)
#30 C:\\Users\\Ines\\Documents\\GitHub\\practice-buddy\\practice-buddy\\vendor\\laravel\\framework\\src\\Illuminate\\Foundation\\Application.php(803): array_walk(Array, Object(Closure))
#31 C:\\Users\\Ines\\Documents\\GitHub\\practice-buddy\\practice-buddy\\vendor\\laravel\\framework\\src\\Illuminate\\Foundation\\Bootstrap\\BootProviders.php(17): Illuminate\\Foundation\\Application->boot()
#32 C:\\Users\\Ines\\Documents\\GitHub\\practice-buddy\\practice-buddy\\vendor\\laravel\\framework\\src\\Illuminate\\Foundation\\Application.php(211): Illuminate\\Foundation\\Bootstrap\\BootProviders->bootstrap(Object(Illuminate\\Foundation\\Application))
#33 C:\\Users\\Ines\\Documents\\GitHub\\practice-buddy\\practice-buddy\\vendor\\laravel\\framework\\src\\Illuminate\\Foundation\\Http\\Kernel.php(162): Illuminate\\Foundation\\Application->bootstrapWith(Array)
#34 C:\\Users\\Ines\\Documents\\GitHub\\practice-buddy\\practice-buddy\\vendor\\laravel\\framework\\src\\Illuminate\\Foundation\\Http\\Kernel.php(146): Illuminate\\Foundation\\Http\\Kernel->bootstrap()
#35 C:\\Users\\Ines\\Documents\\GitHub\\practice-buddy\\practice-buddy\\vendor\\laravel\\framework\\src\\Illuminate\\Foundation\\Http\\Kernel.php(116): Illuminate\\Foundation\\Http\\Kernel->sendRequestThroughRouter(Object(Illuminate\\Http\\Request))
#36 C:\\Users\\Ines\\Documents\\GitHub\\practice-buddy\\practice-buddy\\public\\index.php(55): Illuminate\\Foundation\\Http\\Kernel->handle(Object(Illuminate\\Http\\Request))
#37 C:\\Users\\Ines\\Documents\\GitHub\\practice-buddy\\practice-buddy\\server.php(21): require_once('C:\\\\Users\\\\Ines\\\\D...')
#38 {main}
"} 
[2020-08-06 15:05:47] local.ERROR: Argument 1 passed to Illuminate\Routing\RouteAction::findCallable() must be of the type array, object given, called in C:\Users\Ines\Documents\GitHub\practice-buddy\practice-buddy\vendor\laravel\framework\src\Illuminate\Routing\RouteAction.php on line 42 {"exception":"[object] (Symfony\\Component\\Debug\\Exception\\FatalThrowableError(code: 0): Argument 1 passed to Illuminate\\Routing\\RouteAction::findCallable() must be of the type array, object given, called in C:\\Users\\Ines\\Documents\\GitHub\\practice-buddy\\practice-buddy\\vendor\\laravel\\framework\\src\\Illuminate\\Routing\\RouteAction.php on line 42 at C:\\Users\\Ines\\Documents\\GitHub\\practice-buddy\\practice-buddy\\vendor\\laravel\\framework\\src\\Illuminate\\Routing\\RouteAction.php:71)
[stacktrace]
#0 C:\\Users\\Ines\\Documents\\GitHub\\practice-buddy\\practice-buddy\\vendor\\laravel\\framework\\src\\Illuminate\\Routing\\RouteAction.php(42): Illuminate\\Routing\\RouteAction::findCallable(Object(Illuminate\\View\\View))
#1 C:\\Users\\Ines\\Documents\\GitHub\\practice-buddy\\practice-buddy\\vendor\\laravel\\framework\\src\\Illuminate\\Routing\\Route.php(162): Illuminate\\Routing\\RouteAction::parse('offline', Object(Illuminate\\View\\View))
#2 C:\\Users\\Ines\\Documents\\GitHub\\practice-buddy\\practice-buddy\\vendor\\laravel\\framework\\src\\Illuminate\\Routing\\Route.php(141): Illuminate\\Routing\\Route->parseAction(Object(Illuminate\\View\\View))
#3 C:\\Users\\Ines\\Documents\\GitHub\\practice-buddy\\practice-buddy\\vendor\\laravel\\framework\\src\\Illuminate\\Routing\\Router.php(549): Illuminate\\Routing\\Route->__construct(Array, 'offline', Object(Illuminate\\View\\View))
#4 C:\\Users\\Ines\\Documents\\GitHub\\practice-buddy\\practice-buddy\\vendor\\laravel\\framework\\src\\Illuminate\\Routing\\Router.php(468): Illuminate\\Routing\\Router->newRoute(Array, 'offline', Object(Illuminate\\View\\View))
#5 C:\\Users\\Ines\\Documents\\GitHub\\practice-buddy\\practice-buddy\\vendor\\laravel\\framework\\src\\Illuminate\\Routing\\Router.php(447): Illuminate\\Routing\\Router->createRoute(Array, '/offline', Object(Illuminate\\View\\View))
#6 C:\\Users\\Ines\\Documents\\GitHub\\practice-buddy\\practice-buddy\\vendor\\laravel\\framework\\src\\Illuminate\\Routing\\Router.php(144): Illuminate\\Routing\\Router->addRoute(Array, '/offline', Object(Illuminate\\View\\View))
#7 C:\\Users\\Ines\\Documents\\GitHub\\practice-buddy\\practice-buddy\\vendor\\laravel\\framework\\src\\Illuminate\\Support\\Facades\\Facade.php(237): Illuminate\\Routing\\Router->get('/offline', Object(Illuminate\\View\\View))
#8 C:\\Users\\Ines\\Documents\\GitHub\\practice-buddy\\practice-buddy\outes\\web.php(17): Illuminate\\Support\\Facades\\Facade::__callStatic('get', Array)
#9 C:\\Users\\Ines\\Documents\\GitHub\\practice-buddy\\practice-buddy\\vendor\\laravel\\framework\\src\\Illuminate\\Routing\\Router.php(417): require('C:\\\\Users\\\\Ines\\\\D...')
#10 C:\\Users\\Ines\\Documents\\GitHub\\practice-buddy\\practice-buddy\\vendor\\laravel\\framework\\src\\Illuminate\\Routing\\Router.php(373): Illuminate\\Routing\\Router->loadRoutes('C:\\\\Users\\\\Ines\\\\D...')
#11 C:\\Users\\Ines\\Documents\\GitHub\\practice-buddy\\practice-buddy\\vendor\\laravel\\framework\\src\\Illuminate\\Routing\\RouteRegistrar.php(121): Illuminate\\Routing\\Router->group(Array, 'C:\\\\Users\\\\Ines\\\\D...')
#12 C:\\Users\\Ines\\Documents\\GitHub\\practice-buddy\\practice-buddy\\app\\Providers\\RouteServiceProvider.php(56): Illuminate\\Routing\\RouteRegistrar->group('C:\\\\Users\\\\Ines\\\\D...')
#13 C:\\Users\\Ines\\Documents\\GitHub\\practice-buddy\\practice-buddy\\app\\Providers\\RouteServiceProvider.php(40): App\\Providers\\RouteServiceProvider->mapWebRoutes()
#14 [internal function]: App\\Providers\\RouteServiceProvider->map()
#15 C:\\Users\\Ines\\Documents\\GitHub\\practice-buddy\\practice-buddy\\vendor\\laravel\\framework\\src\\Illuminate\\Container\\BoundMethod.php(29): call_user_func_array(Array, Array)
#16 C:\\Users\\Ines\\Documents\\GitHub\\practice-buddy\\practice-buddy\\vendor\\laravel\\framework\\src\\Illuminate\\Container\\BoundMethod.php(87): Illuminate\\Container\\BoundMethod::Illuminate\\Container\\{closure}()
#17 C:\\Users\\Ines\\Documents\\GitHub\\practice-buddy\\practice-buddy\\vendor\\laravel\\framework\\src\\Illuminate\\Container\\BoundMethod.php(31): Illuminate\\Container\\BoundMethod::callBoundMethod(Object(Illuminate\\Foundation\\Application), Array, Object(Closure))
#18 C:\\Users\\Ines\\Documents\\GitHub\\practice-buddy\\practice-buddy\\vendor\\laravel\\framework\\src\\Illuminate\\Container\\Container.php(572): Illuminate\\Container\\BoundMethod::call(Object(Illuminate\\Foundation\\Application), Array, Array, NULL)
#19 C:\\Users\\Ines\\Documents\\GitHub\\practice-buddy\\practice-buddy\\vendor\\laravel\\framework\\src\\Illuminate\\Foundation\\Support\\Providers\\RouteServiceProvider.php(77): Illuminate\\Container\\Container->call(Array)
#20 C:\\Users\\Ines\\Documents\\GitHub\\practice-buddy\\practice-buddy\\vendor\\laravel\\framework\\src\\Illuminate\\Foundation\\Support\\Providers\\RouteServiceProvider.php(36): Illuminate\\Foundation\\Support\\Providers\\RouteServiceProvider->loadRoutes()
#21 C:\\Users\\Ines\\Documents\\GitHub\\practice-buddy\\practice-buddy\\app\\Providers\\RouteServiceProvider.php(28): Illuminate\\Foundation\\Support\\Providers\\RouteServiceProvider->boot()
#22 [internal function]: App\\Providers\\RouteServiceProvider->boot()
#23 C:\\Users\\Ines\\Documents\\GitHub\\practice-buddy\\practice-buddy\\vendor\\laravel\\framework\\src\\Illuminate\\Container\\BoundMethod.php(29): call_user_func_array(Array, Array)
#24 C:\\Users\\Ines\\Documents\\GitHub\\practice-buddy\\practice-buddy\\vendor\\laravel\\framework\\src\\Illuminate\\Container\\BoundMethod.php(87): Illuminate\\Container\\BoundMethod::Illuminate\\Container\\{closure}()
#25 C:\\Users\\Ines\\Documents\\GitHub\\practice-buddy\\practice-buddy\\vendor\\laravel\\framework\\src\\Illuminate\\Container\\BoundMethod.php(31): Illuminate\\Container\\BoundMethod::callBoundMethod(Object(Illuminate\\Foundation\\Application), Array, Object(Closure))
#26 C:\\Users\\Ines\\Documents\\GitHub\\practice-buddy\\practice-buddy\\vendor\\laravel\\framework\\src\\Illuminate\\Container\\Container.php(572): Illuminate\\Container\\BoundMethod::call(Object(Illuminate\\Foundation\\Application), Array, Array, NULL)
#27 C:\\Users\\Ines\\Documents\\GitHub\\practice-buddy\\practice-buddy\\vendor\\laravel\\framework\\src\\Illuminate\\Foundation\\Application.php(819): Illuminate\\Container\\Container->call(Array)
#28 C:\\Users\\Ines\\Documents\\GitHub\\practice-buddy\\practice-buddy\\vendor\\laravel\\framework\\src\\Illuminate\\Foundation\\Application.php(802): Illuminate\\Foundation\\Application->bootProvider(Object(App\\Providers\\RouteServiceProvider))
#29 [internal function]: Illuminate\\Foundation\\Application->Illuminate\\Foundation\\{closure}(Object(App\\Providers\\RouteServiceProvider), 25)
#30 C:\\Users\\Ines\\Documents\\GitHub\\practice-buddy\\practice-buddy\\vendor\\laravel\\framework\\src\\Illuminate\\Foundation\\Application.php(803): array_walk(Array, Object(Closure))
#31 C:\\Users\\Ines\\Documents\\GitHub\\practice-buddy\\practice-buddy\\vendor\\laravel\\framework\\src\\Illuminate\\Foundation\\Bootstrap\\BootProviders.php(17): Illuminate\\Foundation\\Application->boot()
#32 C:\\Users\\Ines\\Documents\\GitHub\\practice-buddy\\practice-buddy\\vendor\\laravel\\framework\\src\\Illuminate\\Foundation\\Application.php(211): Illuminate\\Foundation\\Bootstrap\\BootProviders->bootstrap(Object(Illuminate\\Foundation\\Application))
#33 C:\\Users\\Ines\\Documents\\GitHub\\practice-buddy\\practice-buddy\\vendor\\laravel\\framework\\src\\Illuminate\\Foundation\\Http\\Kernel.php(162): Illuminate\\Foundation\\Application->bootstrapWith(Array)
#34 C:\\Users\\Ines\\Documents\\GitHub\\practice-buddy\\practice-buddy\\vendor\\laravel\\framework\\src\\Illuminate\\Foundation\\Http\\Kernel.php(146): Illuminate\\Foundation\\Http\\Kernel->bootstrap()
#35 C:\\Users\\Ines\\Documents\\GitHub\\practice-buddy\\practice-buddy\\vendor\\laravel\\framework\\src\\Illuminate\\Foundation\\Http\\Kernel.php(116): Illuminate\\Foundation\\Http\\Kernel->sendRequestThroughRouter(Object(Illuminate\\Http\\Request))
#36 C:\\Users\\Ines\\Documents\\GitHub\\practice-buddy\\practice-buddy\\public\\index.php(55): Illuminate\\Foundation\\Http\\Kernel->handle(Object(Illuminate\\Http\\Request))
#37 C:\\Users\\Ines\\Documents\\GitHub\\practice-buddy\\practice-buddy\\server.php(21): require_once('C:\\\\Users\\\\Ines\\\\D...')
#38 {main}
"} 
[2020-08-06 21:06:45] local.ERROR: Expected response code 250 but got code "530", with message "530 5.7.1 Authentication required
" {"exception":"[object] (Swift_TransportException(code: 530): Expected response code 250 but got code \"530\", with message \"530 5.7.1 Authentication required
\" at C:\\Users\\Ines\\Documents\\GitHub\\practice-buddy\\practice-buddy\\vendor\\swiftmailer\\swiftmailer\\lib\\classes\\Swift\\Transport\\AbstractSmtpTransport.php:457)
[stacktrace]
#0 C:\\Users\\Ines\\Documents\\GitHub\\practice-buddy\\practice-buddy\\vendor\\swiftmailer\\swiftmailer\\lib\\classes\\Swift\\Transport\\AbstractSmtpTransport.php(341): Swift_Transport_AbstractSmtpTransport->assertResponseCode('530 5.7.1 Authe...', Array)
#1 C:\\Users\\Ines\\Documents\\GitHub\\practice-buddy\\practice-buddy\\vendor\\swiftmailer\\swiftmailer\\lib\\classes\\Swift\\Transport\\EsmtpTransport.php(305): Swift_Transport_AbstractSmtpTransport->executeCommand('MAIL FROM:<hell...', Array, Array, false, NULL)
#2 C:\\Users\\Ines\\Documents\\GitHub\\practice-buddy\\practice-buddy\\vendor\\swiftmailer\\swiftmailer\\lib\\classes\\Swift\\Transport\\AbstractSmtpTransport.php(390): Swift_Transport_EsmtpTransport->executeCommand('DATA\\
', Array, Array)
#3 C:\\Users\\Ines\\Documents\\GitHub\\practice-buddy\\practice-buddy\\vendor\\swiftmailer\\swiftmailer\\lib\\classes\\Swift\\Transport\\AbstractSmtpTransport.php(497): Swift_Transport_AbstractSmtpTransport->doDataCommand(Array)
#4 C:\\Users\\Ines\\Documents\\GitHub\\practice-buddy\\practice-buddy\\vendor\\swiftmailer\\swiftmailer\\lib\\classes\\Swift\\Transport\\AbstractSmtpTransport.php(516): Swift_Transport_AbstractSmtpTransport->doMailTransaction(Object(Swift_Message), 'hello@example.c...', Array, Array)
#5 C:\\Users\\Ines\\Documents\\GitHub\\practice-buddy\\practice-buddy\\vendor\\swiftmailer\\swiftmailer\\lib\\classes\\Swift\\Transport\\AbstractSmtpTransport.php(206): Swift_Transport_AbstractSmtpTransport->sendTo(Object(Swift_Message), 'hello@example.c...', Array, Array)
#6 C:\\Users\\Ines\\Documents\\GitHub\\practice-buddy\\practice-buddy\\vendor\\swiftmailer\\swiftmailer\\lib\\classes\\Swift\\Mailer.php(71): Swift_Transport_AbstractSmtpTransport->send(Object(Swift_Message), Array)
#7 C:\\Users\\Ines\\Documents\\GitHub\\practice-buddy\\practice-buddy\\vendor\\laravel\\framework\\src\\Illuminate\\Mail\\Mailer.php(483): Swift_Mailer->send(Object(Swift_Message), Array)
#8 C:\\Users\\Ines\\Documents\\GitHub\\practice-buddy\\practice-buddy\\vendor\\laravel\\framework\\src\\Illuminate\\Mail\\Mailer.php(259): Illuminate\\Mail\\Mailer->sendSwiftMessage(Object(Swift_Message))
#9 C:\\Users\\Ines\\Documents\\GitHub\\practice-buddy\\practice-buddy\\vendor\\laravel\\framework\\src\\Illuminate\\Notifications\\Channels\\MailChannel.php(65): Illuminate\\Mail\\Mailer->send(Object(Illuminate\\Support\\HtmlString), Array, Object(Closure))
#10 C:\\Users\\Ines\\Documents\\GitHub\\practice-buddy\\practice-buddy\\vendor\\laravel\\framework\\src\\Illuminate\\Notifications\\NotificationSender.php(144): Illuminate\\Notifications\\Channels\\MailChannel->send(Object(App\\User), Object(Illuminate\\Auth\\Notifications\\ResetPassword))
#11 C:\\Users\\Ines\\Documents\\GitHub\\practice-buddy\\practice-buddy\\vendor\\laravel\\framework\\src\\Illuminate\\Notifications\\NotificationSender.php(103): Illuminate\\Notifications\\NotificationSender->sendToNotifiable(Object(App\\User), '7b29efbe-d247-4...', Object(Illuminate\\Auth\\Notifications\\ResetPassword), 'mail')
#12 C:\\Users\\Ines\\Documents\\GitHub\\practice-buddy\\practice-buddy\\vendor\\laravel\\framework\\src\\Illuminate\\Support\\Traits\\Localizable.php(19): Illuminate\\Notifications\\NotificationSender->Illuminate\\Notifications\\{closure}()
#13 C:\\Users\\Ines\\Documents\\GitHub\\practice-buddy\\practice-buddy\\vendor\\laravel\\framework\\src\\Illuminate\\Notifications\\NotificationSender.php(105): Illuminate\\Notifications\\NotificationSender->withLocale(NULL, Object(Closure))
#14 C:\\Users\\Ines\\Documents\\GitHub\\practice-buddy\\practice-buddy\\vendor\\laravel\\framework\\src\\Illuminate\\Notifications\\NotificationSender.php(77): Illuminate\\Notifications\\NotificationSender->sendNow(Object(Illuminate\\Database\\Eloquent\\Collection), Object(Illuminate\\Auth\\Notifications\\ResetPassword))
#15 C:\\Users\\Ines\\Documents\\GitHub\\practice-buddy\\practice-buddy\\vendor\\laravel\\framework\\src\\Illuminate\\Notifications\\ChannelManager.php(39): Illuminate\\Notifications\\NotificationSender->send(Object(Illuminate\\Database\\Eloquent\\Collection), Object(Illuminate\\Auth\\Notifications\\ResetPassword))
#16 C:\\Users\\Ines\\Documents\\GitHub\\practice-buddy\\practice-buddy\\vendor\\laravel\\framework\\src\\Illuminate\\Notifications\\RoutesNotifications.php(18): Illuminate\\Notifications\\ChannelManager->send(Object(App\\User), Object(Illuminate\\Auth\\Notifications\\ResetPassword))
#17 C:\\Users\\Ines\\Documents\\GitHub\\practice-buddy\\practice-buddy\\vendor\\laravel\\framework\\src\\Illuminate\\Auth\\Passwords\\CanResetPassword.php(27): App\\User->notify(Object(Illuminate\\Auth\\Notifications\\ResetPassword))
#18 C:\\Users\\Ines\\Documents\\GitHub\\practice-buddy\\practice-buddy\\vendor\\laravel\\framework\\src\\Illuminate\\Auth\\Passwords\\PasswordBroker.php(70): Illuminate\\Foundation\\Auth\\User->sendPasswordResetNotification('8659912d5c4e771...')
#19 C:\\Users\\Ines\\Documents\\GitHub\\practice-buddy\\practice-buddy\\vendor\\laravel\\framework\\src\\Illuminate\\Foundation\\Auth\\SendsPasswordResetEmails.php(34): Illuminate\\Auth\\Passwords\\PasswordBroker->sendResetLink(Array)
#20 [internal function]: App\\Http\\Controllers\\Auth\\ForgotPasswordController->sendResetLinkEmail(Object(Illuminate\\Http\\Request))
#21 C:\\Users\\Ines\\Documents\\GitHub\\practice-buddy\\practice-buddy\\vendor\\laravel\\framework\\src\\Illuminate\\Routing\\Controller.php(54): call_user_func_array(Array, Array)
#22 C:\\Users\\Ines\\Documents\\GitHub\\practice-buddy\\practice-buddy\\vendor\\laravel\\framework\\src\\Illuminate\\Routing\\ControllerDispatcher.php(45): Illuminate\\Routing\\Controller->callAction('sendResetLinkEm...', Array)
#23 C:\\Users\\Ines\\Documents\\GitHub\\practice-buddy\\practice-buddy\\vendor\\laravel\\framework\\src\\Illuminate\\Routing\\Route.php(219): Illuminate\\Routing\\ControllerDispatcher->dispatch(Object(Illuminate\\Routing\\Route), Object(App\\Http\\Controllers\\Auth\\ForgotPasswordController), 'sendResetLinkEm...')
#24 C:\\Users\\Ines\\Documents\\GitHub\\practice-buddy\\practice-buddy\\vendor\\laravel\\framework\\src\\Illuminate\\Routing\\Route.php(176): Illuminate\\Routing\\Route->runController()
#25 C:\\Users\\Ines\\Documents\\GitHub\\practice-buddy\\practice-buddy\\vendor\\laravel\\framework\\src\\Illuminate\\Routing\\Router.php(682): Illuminate\\Routing\\Route->run()
#26 C:\\Users\\Ines\\Documents\\GitHub\\practice-buddy\\practice-buddy\\vendor\\laravel\\framework\\src\\Illuminate\\Routing\\Pipeline.php(30): Illuminate\\Routing\\Router->Illuminate\\Routing\\{closure}(Object(Illuminate\\Http\\Request))
#27 C:\\Users\\Ines\\Documents\\GitHub\\practice-buddy\\practice-buddy\\app\\Http\\Middleware\\RedirectIfAuthenticated.php(24): Illuminate\\Routing\\Pipeline->Illuminate\\Routing\\{closure}(Object(Illuminate\\Http\\Request))
#28 C:\\Users\\Ines\\Documents\\GitHub\\practice-buddy\\practice-buddy\\vendor\\laravel\\framework\\src\\Illuminate\\Pipeline\\Pipeline.php(163): App\\Http\\Middleware\\RedirectIfAuthenticated->handle(Object(Illuminate\\Http\\Request), Object(Closure))
#29 C:\\Users\\Ines\\Documents\\GitHub\\practice-buddy\\practice-buddy\\vendor\\laravel\\framework\\src\\Illuminate\\Routing\\Pipeline.php(53): Illuminate\\Pipeline\\Pipeline->Illuminate\\Pipeline\\{closure}(Object(Illuminate\\Http\\Request))
#30 C:\\Users\\Ines\\Documents\\GitHub\\practice-buddy\\practice-buddy\\vendor\\laravel\\framework\\src\\Illuminate\\Routing\\Middleware\\SubstituteBindings.php(41): Illuminate\\Routing\\Pipeline->Illuminate\\Routing\\{closure}(Object(Illuminate\\Http\\Request))
#31 C:\\Users\\Ines\\Documents\\GitHub\\practice-buddy\\practice-buddy\\vendor\\laravel\\framework\\src\\Illuminate\\Pipeline\\Pipeline.php(163): Illuminate\\Routing\\Middleware\\SubstituteBindings->handle(Object(Illuminate\\Http\\Request), Object(Closure))
#32 C:\\Users\\Ines\\Documents\\GitHub\\practice-buddy\\practice-buddy\\vendor\\laravel\\framework\\src\\Illuminate\\Routing\\Pipeline.php(53): Illuminate\\Pipeline\\Pipeline->Illuminate\\Pipeline\\{closure}(Object(Illuminate\\Http\\Request))
#33 C:\\Users\\Ines\\Documents\\GitHub\\practice-buddy\\practice-buddy\\vendor\\laravel\\framework\\src\\Illuminate\\Foundation\\Http\\Middleware\\VerifyCsrfToken.php(75): Illuminate\\Routing\\Pipeline->Illuminate\\Routing\\{closure}(Object(Illuminate\\Http\\Request))
#34 C:\\Users\\Ines\\Documents\\GitHub\\practice-buddy\\practice-buddy\\vendor\\laravel\\framework\\src\\Illuminate\\Pipeline\\Pipeline.php(163): Illuminate\\Foundation\\Http\\Middleware\\VerifyCsrfToken->handle(Object(Illuminate\\Http\\Request), Object(Closure))
#35 C:\\Users\\Ines\\Documents\\GitHub\\practice-buddy\\practice-buddy\\vendor\\laravel\\framework\\src\\Illuminate\\Routing\\Pipeline.php(53): Illuminate\\Pipeline\\Pipeline->Illuminate\\Pipeline\\{closure}(Object(Illuminate\\Http\\Request))
#36 C:\\Users\\Ines\\Documents\\GitHub\\practice-buddy\\practice-buddy\\vendor\\laravel\\framework\\src\\Illuminate\\View\\Middleware\\ShareErrorsFromSession.php(49): Illuminate\\Routing\\Pipeline->Illuminate\\Routing\\{closure}(Object(Illuminate\\Http\\Request))
#37 C:\\Users\\Ines\\Documents\\GitHub\\practice-buddy\\practice-buddy\\vendor\\laravel\\framework\\src\\Illuminate\\Pipeline\\Pipeline.php(163): Illuminate\\View\\Middleware\\ShareErrorsFromSession->handle(Object(Illuminate\\Http\\Request), Object(Closure))
#38 C:\\Users\\Ines\\Documents\\GitHub\\practice-buddy\\practice-buddy\\vendor\\laravel\\framework\\src\\Illuminate\\Routing\\Pipeline.php(53): Illuminate\\Pipeline\\Pipeline->Illuminate\\Pipeline\\{closure}(Object(Illuminate\\Http\\Request))
#39 C:\\Users\\Ines\\Documents\\GitHub\\practice-buddy\\practice-buddy\\vendor\\laravel\\framework\\src\\Illuminate\\Session\\Middleware\\StartSession.php(63): Illuminate\\Routing\\Pipeline->Illuminate\\Routing\\{closure}(Object(Illuminate\\Http\\Request))
#40 C:\\Users\\Ines\\Documents\\GitHub\\practice-buddy\\practice-buddy\\vendor\\laravel\\framework\\src\\Illuminate\\Pipeline\\Pipeline.php(163): Illuminate\\Session\\Middleware\\StartSession->handle(Object(Illuminate\\Http\\Request), Object(Closure))
#41 C:\\Users\\Ines\\Documents\\GitHub\\practice-buddy\\practice-buddy\\vendor\\laravel\\framework\\src\\Illuminate\\Routing\\Pipeline.php(53): Illuminate\\Pipeline\\Pipeline->Illuminate\\Pipeline\\{closure}(Object(Illuminate\\Http\\Request))
#42 C:\\Users\\Ines\\Documents\\GitHub\\practice-buddy\\practice-buddy\\vendor\\laravel\\framework\\src\\Illuminate\\Cookie\\Middleware\\AddQueuedCookiesToResponse.php(37): Illuminate\\Routing\\Pipeline->Illuminate\\Routing\\{closure}(Object(Illuminate\\Http\\Request))
#43 C:\\Users\\Ines\\Documents\\GitHub\\practice-buddy\\practice-buddy\\vendor\\laravel\\framework\\src\\Illuminate\\Pipeline\\Pipeline.php(163): Illuminate\\Cookie\\Middleware\\AddQueuedCookiesToResponse->handle(Object(Illuminate\\Http\\Request), Object(Closure))
#44 C:\\Users\\Ines\\Documents\\GitHub\\practice-buddy\\practice-buddy\\vendor\\laravel\\framework\\src\\Illuminate\\Routing\\Pipeline.php(53): Illuminate\\Pipeline\\Pipeline->Illuminate\\Pipeline\\{closure}(Object(Illuminate\\Http\\Request))
#45 C:\\Users\\Ines\\Documents\\GitHub\\practice-buddy\\practice-buddy\\vendor\\laravel\\framework\\src\\Illuminate\\Cookie\\Middleware\\EncryptCookies.php(66): Illuminate\\Routing\\Pipeline->Illuminate\\Routing\\{closure}(Object(Illuminate\\Http\\Request))
#46 C:\\Users\\Ines\\Documents\\GitHub\\practice-buddy\\practice-buddy\\vendor\\laravel\\framework\\src\\Illuminate\\Pipeline\\Pipeline.php(163): Illuminate\\Cookie\\Middleware\\EncryptCookies->handle(Object(Illuminate\\Http\\Request), Object(Closure))
#47 C:\\Users\\Ines\\Documents\\GitHub\\practice-buddy\\practice-buddy\\vendor\\laravel\\framework\\src\\Illuminate\\Routing\\Pipeline.php(53): Illuminate\\Pipeline\\Pipeline->Illuminate\\Pipeline\\{closure}(Object(Illuminate\\Http\\Request))
#48 C:\\Users\\Ines\\Documents\\GitHub\\practice-buddy\\practice-buddy\\vendor\\laravel\\framework\\src\\Illuminate\\Pipeline\\Pipeline.php(104): Illuminate\\Routing\\Pipeline->Illuminate\\Routing\\{closure}(Object(Illuminate\\Http\\Request))
#49 C:\\Users\\Ines\\Documents\\GitHub\\practice-buddy\\practice-buddy\\vendor\\laravel\\framework\\src\\Illuminate\\Routing\\Router.php(684): Illuminate\\Pipeline\\Pipeline->then(Object(Closure))
#50 C:\\Users\\Ines\\Documents\\GitHub\\practice-buddy\\practice-buddy\\vendor\\laravel\\framework\\src\\Illuminate\\Routing\\Router.php(659): Illuminate\\Routing\\Router->runRouteWithinStack(Object(Illuminate\\Routing\\Route), Object(Illuminate\\Http\\Request))
#51 C:\\Users\\Ines\\Documents\\GitHub\\practice-buddy\\practice-buddy\\vendor\\laravel\\framework\\src\\Illuminate\\Routing\\Router.php(625): Illuminate\\Routing\\Router->runRoute(Object(Illuminate\\Http\\Request), Object(Illuminate\\Routing\\Route))
#52 C:\\Users\\Ines\\Documents\\GitHub\\practice-buddy\\practice-buddy\\vendor\\laravel\\framework\\src\\Illuminate\\Routing\\Router.php(614): Illuminate\\Routing\\Router->dispatchToRoute(Object(Illuminate\\Http\\Request))
#53 C:\\Users\\Ines\\Documents\\GitHub\\practice-buddy\\practice-buddy\\vendor\\laravel\\framework\\src\\Illuminate\\Foundation\\Http\\Kernel.php(176): Illuminate\\Routing\\Router->dispatch(Object(Illuminate\\Http\\Request))
#54 C:\\Users\\Ines\\Documents\\GitHub\\practice-buddy\\practice-buddy\\vendor\\laravel\\framework\\src\\Illuminate\\Routing\\Pipeline.php(30): Illuminate\\Foundation\\Http\\Kernel->Illuminate\\Foundation\\Http\\{closure}(Object(Illuminate\\Http\\Request))
#55 C:\\Users\\Ines\\Documents\\GitHub\\practice-buddy\\practice-buddy\\vendor\\fideloper\\proxy\\src\\TrustProxies.php(57): Illuminate\\Routing\\Pipeline->Illuminate\\Routing\\{closure}(Object(Illuminate\\Http\\Request))
#56 C:\\Users\\Ines\\Documents\\GitHub\\practice-buddy\\practice-buddy\\vendor\\laravel\\framework\\src\\Illuminate\\Pipeline\\Pipeline.php(163): Fideloper\\Proxy\\TrustProxies->handle(Object(Illuminate\\Http\\Request), Object(Closure))
#57 C:\\Users\\Ines\\Documents\\GitHub\\practice-buddy\\practice-buddy\\vendor\\laravel\\framework\\src\\Illuminate\\Routing\\Pipeline.php(53): Illuminate\\Pipeline\\Pipeline->Illuminate\\Pipeline\\{closure}(Object(Illuminate\\Http\\Request))
#58 C:\\Users\\Ines\\Documents\\GitHub\\practice-buddy\\practice-buddy\\vendor\\laravel\\framework\\src\\Illuminate\\Foundation\\Http\\Middleware\\TransformsRequest.php(31): Illuminate\\Routing\\Pipeline->Illuminate\\Routing\\{closure}(Object(Illuminate\\Http\\Request))
#59 C:\\Users\\Ines\\Documents\\GitHub\\practice-buddy\\practice-buddy\\vendor\\laravel\\framework\\src\\Illuminate\\Pipeline\\Pipeline.php(163): Illuminate\\Foundation\\Http\\Middleware\\TransformsRequest->handle(Object(Illuminate\\Http\\Request), Object(Closure))
#60 C:\\Users\\Ines\\Documents\\GitHub\\practice-buddy\\practice-buddy\\vendor\\laravel\\framework\\src\\Illuminate\\Routing\\Pipeline.php(53): Illuminate\\Pipeline\\Pipeline->Illuminate\\Pipeline\\{closure}(Object(Illuminate\\Http\\Request))
#61 C:\\Users\\Ines\\Documents\\GitHub\\practice-buddy\\practice-buddy\\vendor\\laravel\\framework\\src\\Illuminate\\Foundation\\Http\\Middleware\\TransformsRequest.php(31): Illuminate\\Routing\\Pipeline->Illuminate\\Routing\\{closure}(Object(Illuminate\\Http\\Request))
#62 C:\\Users\\Ines\\Documents\\GitHub\\practice-buddy\\practice-buddy\\vendor\\laravel\\framework\\src\\Illuminate\\Pipeline\\Pipeline.php(163): Illuminate\\Foundation\\Http\\Middleware\\TransformsRequest->handle(Object(Illuminate\\Http\\Request), Object(Closure))
#63 C:\\Users\\Ines\\Documents\\GitHub\\practice-buddy\\practice-buddy\\vendor\\laravel\\framework\\src\\Illuminate\\Routing\\Pipeline.php(53): Illuminate\\Pipeline\\Pipeline->Illuminate\\Pipeline\\{closure}(Object(Illuminate\\Http\\Request))
#64 C:\\Users\\Ines\\Documents\\GitHub\\practice-buddy\\practice-buddy\\vendor\\laravel\\framework\\src\\Illuminate\\Foundation\\Http\\Middleware\\ValidatePostSize.php(27): Illuminate\\Routing\\Pipeline->Illuminate\\Routing\\{closure}(Object(Illuminate\\Http\\Request))
#65 C:\\Users\\Ines\\Documents\\GitHub\\practice-buddy\\practice-buddy\\vendor\\laravel\\framework\\src\\Illuminate\\Pipeline\\Pipeline.php(163): Illuminate\\Foundation\\Http\\Middleware\\ValidatePostSize->handle(Object(Illuminate\\Http\\Request), Object(Closure))
#66 C:\\Users\\Ines\\Documents\\GitHub\\practice-buddy\\practice-buddy\\vendor\\laravel\\framework\\src\\Illuminate\\Routing\\Pipeline.php(53): Illuminate\\Pipeline\\Pipeline->Illuminate\\Pipeline\\{closure}(Object(Illuminate\\Http\\Request))
#67 C:\\Users\\Ines\\Documents\\GitHub\\practice-buddy\\practice-buddy\\vendor\\laravel\\framework\\src\\Illuminate\\Foundation\\Http\\Middleware\\CheckForMaintenanceMode.php(62): Illuminate\\Routing\\Pipeline->Illuminate\\Routing\\{closure}(Object(Illuminate\\Http\\Request))
#68 C:\\Users\\Ines\\Documents\\GitHub\\practice-buddy\\practice-buddy\\vendor\\laravel\\framework\\src\\Illuminate\\Pipeline\\Pipeline.php(163): Illuminate\\Foundation\\Http\\Middleware\\CheckForMaintenanceMode->handle(Object(Illuminate\\Http\\Request), Object(Closure))
#69 C:\\Users\\Ines\\Documents\\GitHub\\practice-buddy\\practice-buddy\\vendor\\laravel\\framework\\src\\Illuminate\\Routing\\Pipeline.php(53): Illuminate\\Pipeline\\Pipeline->Illuminate\\Pipeline\\{closure}(Object(Illuminate\\Http\\Request))
#70 C:\\Users\\Ines\\Documents\\GitHub\\practice-buddy\\practice-buddy\\vendor\\laravel\\framework\\src\\Illuminate\\Pipeline\\Pipeline.php(104): Illuminate\\Routing\\Pipeline->Illuminate\\Routing\\{closure}(Object(Illuminate\\Http\\Request))
#71 C:\\Users\\Ines\\Documents\\GitHub\\practice-buddy\\practice-buddy\\vendor\\laravel\\framework\\src\\Illuminate\\Foundation\\Http\\Kernel.php(151): Illuminate\\Pipeline\\Pipeline->then(Object(Closure))
#72 C:\\Users\\Ines\\Documents\\GitHub\\practice-buddy\\practice-buddy\\vendor\\laravel\\framework\\src\\Illuminate\\Foundation\\Http\\Kernel.php(116): Illuminate\\Foundation\\Http\\Kernel->sendRequestThroughRouter(Object(Illuminate\\Http\\Request))
#73 C:\\Users\\Ines\\Documents\\GitHub\\practice-buddy\\practice-buddy\\public\\index.php(55): Illuminate\\Foundation\\Http\\Kernel->handle(Object(Illuminate\\Http\\Request))
#74 C:\\Users\\Ines\\Documents\\GitHub\\practice-buddy\\practice-buddy\\server.php(21): require_once('C:\\\\Users\\\\Ines\\\\D...')
#75 {main}
"} 
